[(1, 10), (11, 4), (16, 4), (20, 3)]
[(1, 10), (11, 4), (16, 7)]
[(1, 9), (10, 10), (20, 3)]
[(1, 10), (11, 9), (20, 3)]
[(1, 8), (9, 10), (20, 3)]
[(1, 9), (10, 9), (20, 3)]
[(1, 10), (11, 8), (20, 3)]
[(1, 10), (11, 7), (18, 4)]
[(1, 10), (11, 4), (16, 6)]
[(1, 10), (11, 4), (16, 3), (20, 3)]
[(1, 10), (11, 4), (17, 3), (20, 3)]
[(1, 9), (10, 8), (20, 3)]
[(1, 10), (12, 8), (20, 3)]
[(1, 10), (11, 7), (20, 3)]
[(1, 10), (11, 4), (17, 6)]
[(1, 7), (8, 10), (20, 3)]
[(1, 10), (11, 4), (16, 5)]
[(1, 10), (12, 7), (20, 3)]
[(1, 10), (11, 4), (17, 5)]
[(1, 10), (12, 10)]
[(1, 10), (13, 10)]
[(1, 10), (11, 10)]
[(1, 10), (12, 6), (20, 3)]
[(1, 6), (7, 10), (20, 3)]
[(1, 10), (11, 4), (17, 4)]
