
Query : 2   BBBBBBBBBBBBBB-BBBBBBBBBB  25
Target: 1   BBBBBBBBBB--BBBBBBBBBBBBB  23

Alignment Tableau (Target-Query) pdb1|A - pdb0|A 
B1B2    0.7     1.3     0.4     0.5     0.2     1.5     1.3     1.1     2.0                                                                                                      
6       B2B3    0.9     0.4     0.9     0.7     0.2     0.3     0.1     0.4     0.2                                                                                              
1       13      B3B4    0.5     1.6     2.2     1.4     2.0     2.0     1.9     1.7     2.7                                                                                      
4       12      4       B4B5    2.1     3.5     3.2     4.0     2.4     2.4     2.4     3.2     2.8                                                                              
5       9       8       18      B5B6    0.5     2.5     1.9     0.2     0.5     0.3     0.5     0.8     0.2                                                                      
4       6       14      32      3       B6B7    2.2     1.5     1.7     1.9     2.4     1.9     2.6     2.7     5.8                                                              
5       6       9       35      4       4       B7B8    0.3     0.2     1.3     2.6     1.8     1.6     2.6     5.7     2.5                                                      
9       9       9       39      1       0       2       B8B9    0.4     1.9     3.3     2.8     2.0     3.3     6.5     2.0     2.7                                              
8       2       12      21      8       5       7       2       B9B10   1.0     0.9     0.8     1.0     0.7     4.6     1.0     1.8     1.6                                      
1       11      1       14      2       12      27      12      7       B10B11  0.0     0.4     1.1     2.1     6.7     1.3     1.6     2.1     4.2                              
        16      5       8       2       19      47      33      11      3       B11B14  1.0     0.4     2.3     7.8     1.5     1.6     2.7     4.8     2.0                      
                5       8       3       21      51      32      12      4       1       B12B15  0.2     2.3     8.8     1.1     1.4     3.2     4.7     1.5     1.4              
                        9       1       13      23      12      1       3       0       3       B14B16  1.4     3.4     0.1     0.6     1.8     4.2     0.4     0.4     0.8      
                                7       8       26      13      6       1       1       0       15      B15B17  5.2     1.8     2.1     4.0     6.4     1.5     1.6     0.6      
                                        14      3       12      29      13      7       31      30      12      B16B18  0.5     1.6     2.5     5.9     0.6     1.6     1.4      
                                                14      8       0       9       7       6       10      8       45      B17B19  1.6     0.5     1.6     0.1     0.1     0.3      
                                                        13      3       12      10      6       9       0       61      1       B18B20  3.7     0.5     0.5     0.2     1.2      
                                                                21      25      21      14      26      14      71      23      38      B19B21  2.3     3.0     3.7     6.3      
                                                                        18      14      7       14      3       88      15      22      3       B20B22  1.0     2.1     5.2      
                                                                                0       1       4       9       52      5       7       21      15      B21B23  0.2     1.1      
                                                                                        3       9       1       53      1       10      28      26      5       B22B24  2.3      
                                                                                                1       4       64      12      2       19      34      9       22      B23B25   
pdb1|A-pdb0|A score: 110.37

pdb1A;1,2,3,4,5,6,7,8,9,10,11,12,14,15,16,17,18,19,20,21,22,23;2,3,4,5,6,7,8,9,10,11,14,15,16,17,18,19,20,21,22,23,24,25

