S	s	SO	Sq	St	ponderate_RMSD	seqId	combination
174	54.72	58.59	51.33	58.59	1.91	8.62	[(1, 10), (11, 4), (16, 7)]	['kabsch_icp', 'kabsch_icp', 'kabsch_icp']
172	54.09	57.91	50.74	57.91	1.69	8.14	[(1, 10), (11, 9), (20, 3)]	['kabsch_icp', 'kabsch_icp', 'kabsch_icp']
168	52.83	56.57	49.56	56.57	1.59	8.33	[(1, 10), (11, 4), (16, 4), (20, 3)]	['kabsch_icp', 'kabsch_icp', 'kabsch_icp', 'kabsch_icp']
165	51.89	55.56	48.67	55.56	1.64	8.48	[(1, 10), (11, 8), (20, 3)]	['kabsch_icp', 'kabsch_icp', 'kabsch_icp']
163	51.26	54.88	48.08	54.88	1.67	8.59	[(1, 10), (11, 4), (16, 3), (20, 3)]	['kabsch_icp', 'kabsch_icp', 'kabsch', 'kabsch_icp']
162	50.94	54.55	47.79	54.55	1.61	9.26	[(1, 9), (10, 10), (20, 3)]	['kabsch_icp', 'kabsch_icp', 'kabsch_icp']
162	50.94	54.55	47.79	54.55	1.76	9.26	[(1, 10), (11, 4), (17, 6)]	['kabsch_icp', 'kabsch_icp', 'kabsch_icp']
159	50.00	53.54	46.90	53.54	1.73	8.81	[(1, 10), (11, 4), (16, 6)]	['kabsch_icp', 'kabsch_icp', 'kabsch_icp']
158	49.69	53.20	46.61	53.20	1.49	9.49	[(1, 8), (9, 10), (20, 3)]	['kabsch_icp', 'kabsch_icp', 'kabsch_icp']
155	48.74	52.19	45.72	52.19	1.61	8.39	[(1, 10), (11, 4), (17, 3), (20, 3)]	['kabsch_icp', 'kabsch_icp', 'kabsch_icp', 'kabsch_icp']
154	48.43	51.85	45.43	51.85	1.67	8.44	[(1, 10), (11, 4), (16, 5)]	['kabsch_icp', 'kabsch_icp', 'kabsch_icp']
153	48.11	51.52	45.13	51.52	1.91	8.50	[(1, 10), (12, 8), (20, 3)]	['kabsch_icp', 'kabsch_icp', 'kabsch_icp']
153	48.11	51.52	45.13	51.52	1.78	9.80	[(1, 10), (11, 4), (17, 5)]	['kabsch_icp', 'kabsch_icp', 'kabsch_icp']
153	48.11	51.52	45.13	51.52	1.75	9.15	[(1, 10), (12, 10)]	['kabsch_icp', 'kabsch_icp']
152	47.80	51.18	44.84	51.18	2.01	6.58	[(1, 10), (11, 10)]	['kabsch_icp', 'kabsch_icp']
146	45.91	49.16	43.07	49.16	2.00	7.53	[(1, 10), (13, 10)]	['kabsch_icp', 'kabsch_icp']
145	45.60	48.82	42.77	48.82	1.68	8.97	[(1, 10), (11, 4), (17, 4)]	['kabsch_icp', 'kabsch_icp', 'kabsch_icp']
142	44.65	47.81	41.89	47.81	1.62	7.04	[(1, 10), (12, 7), (20, 3)]	['kabsch_icp', 'kabsch_icp', 'kabsch_icp']
141	44.34	47.47	41.59	47.47	1.80	8.51	[(1, 10), (11, 7), (18, 4)]	['kabsch_icp', 'kabsch_icp', 'kabsch_icp']
140	44.03	47.14	41.30	47.14	1.80	6.43	[(1, 9), (10, 8), (20, 3)]	['kabsch_icp', 'kabsch_icp', 'kabsch_icp']
136	42.77	45.79	40.12	45.79	1.85	6.62	[(1, 9), (10, 9), (20, 3)]	['kabsch_icp', 'kabsch', 'kabsch_icp']
136	42.77	45.79	40.12	45.79	1.64	8.09	[(1, 10), (11, 7), (20, 3)]	['kabsch_icp', 'kabsch_icp', 'kabsch_icp']
136	42.77	45.79	40.12	45.79	1.69	8.09	[(1, 10), (12, 6), (20, 3)]	['kabsch_icp', 'kabsch_icp', 'kabsch_icp']
135	42.45	45.45	39.82	45.45	1.77	8.89	[(1, 6), (7, 10), (20, 3)]	['kabsch_icp', 'kabsch_icp', 'kabsch_icp']
134	42.14	45.12	39.53	45.12	1.53	8.21	[(1, 7), (8, 10), (20, 3)]	['kabsch_icp', 'kabsch_icp', 'kabsch_icp']
