[(4, 8), (12, 3), (15, 8), (23, 5)]
[(4, 8), (12, 7), (19, 4), (23, 5)]
[(4, 8), (12, 4), (16, 8), (24, 4)]
[(4, 8), (12, 3), (15, 9), (24, 4)]
[(4, 8), (13, 3), (16, 7), (23, 5)]
[(4, 8), (12, 8), (20, 3), (23, 5)]
[(4, 8), (12, 4), (16, 9), (25, 3)]
[(4, 8), (12, 3), (15, 10), (25, 3)]
[(4, 8), (13, 3), (16, 8), (24, 4)]
[(4, 8), (13, 7), (20, 3), (23, 5)]
[(4, 8), (12, 5), (17, 8), (25, 3)]
[(4, 8), (13, 3), (16, 6), (23, 5)]
[(4, 7), (13, 6), (19, 4), (23, 5)]
[(4, 8), (12, 7), (19, 6), (25, 3)]
[(4, 8), (13, 4), (17, 7), (24, 4)]
[(4, 8), (13, 10), (23, 5)]
[(4, 8), (12, 6), (18, 7), (25, 3)]
[(4, 8), (13, 3), (17, 7), (24, 4)]
[(4, 7), (13, 3), (16, 6), (23, 5)]
[(4, 8), (13, 4), (17, 8), (25, 3)]
[(4, 8), (12, 10), (23, 5)]
[(4, 7), (14, 5), (19, 4), (23, 5)]
[(4, 8), (14, 9), (23, 5)]
[(4, 7), (14, 6), (20, 3), (23, 5)]
[(4, 8), (13, 5), (18, 7), (25, 3)]
