
Query : 1   AAAAA-AAAA-AAA-AAABBAAAAAAAAA-AAAAA-AA  33
Target: 1   AAA-AAAAAAAAAAAAAA--AA-AAAAAAAAAAAAAAA  34

Alignment Tableau (Target-Query) pdb1|A - pdb0|A 
A1A1                                                                                                                                                                                                                                     
        A2A2                                                                                                                                                                                                                             
                A3A3                                                                                                                                                                                                                     
                        A4A5    1.8     0.5     0.8     0.8     0.4     1.0     1.4                                                                                                                                                      
                        17      A6A6    0.5     0.3     1.0     1.6     2.4     5.6                                                                                                                                                      
                        14      13      A7A7    0.4     1.1     0.6     2.0     3.3                                                                                                                                                      
                        17      3       8       A8A8    1.2     3.5     3.6     6.9                                                                                                                                                      
                        5       7       3       4       A9A9    0.6     0.9     0.9                                                                                                                                                      
                        22      10      4       17      10      A11A10  0.7     2.3                                                                                                                                                      
                        3       7       6       2       3       5       A12A11  1.5                                                                                                                                                      
                        10      11      4       15      4       7       8       A13A12                                                                                                                                                   
                                                                                        A15A13  2.1     1.9     1.6     0.2     2.4     1.0     5.8     5.3     7.8                                                                      
                                                                                        8       A16A14  0.2     2.8     4.8     5.2     2.0     5.5     4.0     5.6     4.7                                                              
                                                                                        38      6       A17A15  0.1     3.5     4.8     2.5     6.0     4.9     6.1     5.6     4.9                                                      
                                                                                        26      18      16      A18A18  2.7     2.0     1.6     1.6     0.4     1.9     1.2     1.5     3.2                                              
                                                                                        54      17      15      22      A19A19  1.0     0.7     1.5     1.6     0.8     1.3     0.9     0.7     5.7                                      
                                                                                        59      22      19      8       3       A20A21  0.3     1.1     1.6     1.1     1.8     0.3     0.9     3.2     1.6                              
                                                                                        35      5       2       18      13      18      A21A22  0.2     1.2     0.9     1.7     2.3     5.4     0.3     3.7     1.6                      
                                                                                        43      5       4       23      7       10      19      A22A23  0.1     0.6     0.2     0.2     0.4     3.1     1.6     2.4                      
                                                                                        22      15      15      39      24      29      22      15      A23A24  0.4     0.8     3.3     6.6     2.3     5.4     4.3                      
                                                                                        33      8       5       34      16      21      36      13      21      A24A25  0.4     1.4     2.2     0.5     0.9     1.2                      
                                                                                                21      19      46      28      33      35      21      14      14      A25A26  4.4     9.2     5.1     7.3     6.8                      
                                                                                                        12      7       6       13      12      27      29      44      31      A27A27  0.1     2.0     1.7     0.6                      
                                                                                                                2       11      14      28      27      57      39      90      2       A28A28  2.2     0.9     3.5                      
                                                                                                                        8       16      22      30      41      45      57      1       9       A29A29  0.3     1.1                      
                                                                                                                                13      22      25      45      37      67      7       4       0       A30A30  1.8                      
                                                                                                                                        17      25      38      42      57      1       13      4       18      A31A31                   
                                                                                                                                                                                                                        A33A32           
                                                                                                                                                                                                                                A34A33   
pdb1|A-pdb0|A score: 77.81

pdb1A;1,2,3,4,6,7,8,9,11,12,13,15,16,17,18,19,20,21,22,23,24,25,27,28,29,30,31,33,34;1,2,3,5,6,7,8,9,10,11,12,13,14,15,18,19,21,22,23,24,25,26,27,28,29,30,31,32,33

