
Query : 1   BBBBBBBBBBBBBBBBBBB-BBBBBBBB  27
Target: 4   BBBBBBBB-BB---B-BBBABBBBBBBB  26

Alignment Tableau (Target-Query) pdb2|A - pdb0|A 
B4B1    1.4     2.5     1.7     2.8     1.6     2.1     2.3     1.7     2.9                                                                                                      
1       B5B2    0.6     0.3     0.4     0.1     0.1     1.3     0.6     0.4     0.1                                                                                              
11      4       B6B3    0.1     0.5     0.7     0.4     0.4     1.3     0.8     0.4     0.3                                                                                      
6       3       0       B7B4    0.8     0.3     0.0     0.7     1.1     0.7     0.2     0.2     0.1                                                                              
12      4       3       0       B8B5    0.3     0.6     0.1     1.4     1.5     1.2     0.1     0.5     0.3                                                                      
0       3       1       4       0       B9B6    0.2     0.9     0.9     0.7     0.1     0.3     2.0     2.8     1.7                                                              
3       2       7       0       3       4       B10B7   0.5     1.4     1.5     0.9     0.2     1.8     2.8     2.0     5.9                                                      
5       4       8       2       7       4       0       B11B8   1.1     2.4     2.4     0.3     2.1     3.4     2.2     5.8     6.4                                              
18      12      2       1       8       9       25      25      B12B10  0.6     0.1     1.1     2.7     4.0     2.6     4.9     5.3     5.4                                      
1       1       9       10      18      10      21      31      16      B13B11  0.4     1.6     0.3     2.4     1.3     6.3     6.4     5.4     4.1                              
        3       6       7       17      6       13      29      15      1       B14B15  1.3     0.0     2.6     1.4     5.8     5.9     4.2     3.4     8.3                      
                10      9       12      15      16      15      16      10      4       B15B17  2.6     3.8     1.6     1.8     3.6     4.0     2.6     3.0     2.8              
                        9       13      16      21      25      11      9       3       3       B16B18  1.0     0.2     1.8     3.0     3.2     2.9     3.0     2.5     3.2      
                                5       12      17      23      13      8       13      6       3       B17B19  1.8     0.3     1.9     1.7     2.5     2.0     1.9     3.3      
                                        33      40      42      7       19      39      5       21      36      B19B20  0.7     0.2     1.3     2.7     1.1     0.9     2.1      
                                                6       7       26      7       2       9       11      11      19      B20B21  0.9     2.0     1.0     1.3     0.7     1.6      
                                                        8       22      2       9       4       12      16      19      1       B21B22  3.2     0.7     1.3     0.5     1.7      
                                                                23      8       8       16      3       0       17      1       9       B22B23  2.2     2.5     2.3     4.6      
                                                                        2       11      4       3       0       23      7       7       7       B23B24  1.0     1.5     0.9      
                                                                                8       8       4       4       6       13      18      2       1       B24B25  0.5     0.4      
                                                                                        9       1       2       6       10      16      0       5       0       B25B26  1.5      
                                                                                                8       13      7       17      28      24      16      4       12      B26B27   
pdb2|A-pdb0|A score: 116.00

pdb2A;4,5,6,7,8,9,10,11,12,13,14,15,16,17,19,20,21,22,23,24,25,26;1,2,3,4,5,6,7,8,10,11,15,17,18,19,20,21,22,23,24,25,26,27

