S	s	SO	Sq	St	ponderate_RMSD	seqId	combination
153	41.35	45.13	45.13	38.15	1.78	8.50	[(2, 10), (12, 4), (16, 7)]	['kabsch', 'kabsch_icp', 'kabsch_icp']
153	41.35	45.13	45.13	38.15	1.97	7.84	[(2, 10), (12, 6), (18, 5)]	['kabsch', 'kabsch_icp', 'kabsch']
152	41.08	44.84	44.84	37.91	1.79	8.55	[(2, 10), (13, 3), (16, 7)]	['kabsch', 'kabsch_icp', 'kabsch_icp']
151	40.81	44.54	44.54	37.66	1.97	7.95	[(1, 9), (10, 9), (19, 3)]	['kabsch_icp', 'kabsch_icp', 'kabsch_icp']
150	40.54	44.25	44.25	37.41	1.89	6.67	[(2, 10), (13, 4), (17, 6)]	['kabsch', 'kabsch_icp', 'kabsch']
149	40.27	43.95	43.95	37.16	2.05	9.40	[(2, 10), (12, 7), (19, 4)]	['kabsch', 'kabsch', 'kabsch_icp']
149	40.27	43.95	43.95	37.16	2.05	7.38	[(2, 10), (12, 5), (17, 6)]	['kabsch', 'kabsch', 'kabsch']
149	40.27	43.95	43.95	37.16	2.00	8.05	[(1, 9), (10, 8), (19, 3)]	['kabsch_icp', 'kabsch_icp', 'kabsch_icp']
146	39.46	43.07	43.07	36.41	2.01	7.53	[(2, 10), (12, 3), (15, 8)]	['kabsch', 'kabsch_icp', 'kabsch_icp']
146	39.46	43.07	43.07	36.41	2.16	6.85	[(2, 10), (12, 10)]	['kabsch', 'kabsch_icp']
145	39.19	42.77	42.77	36.16	1.87	8.28	[(1, 10), (11, 8), (19, 3)]	['kabsch_icp', 'kabsch_icp', 'kabsch_icp']
144	38.92	42.48	42.48	35.91	2.11	8.33	[(1, 9), (10, 10), (20, 3)]	['kabsch_icp', 'kabsch', 'kabsch_icp']
143	38.65	42.18	42.18	35.66	1.95	6.29	[(2, 10), (13, 6), (19, 4)]	['kabsch', 'kabsch_icp', 'kabsch_icp']
143	38.65	42.18	42.18	35.66	2.08	6.99	[(2, 10), (13, 5), (18, 5)]	['kabsch', 'kabsch', 'kabsch']
142	38.38	41.89	41.89	35.41	1.96	8.45	[(1, 10), (11, 9), (20, 3)]	['kabsch_icp', 'kabsch', 'kabsch_icp']
142	38.38	41.89	41.89	35.41	1.85	6.34	[(2, 10), (13, 4), (17, 5)]	['kabsch', 'kabsch_icp', 'kabsch_icp']
141	38.11	41.59	41.59	35.16	2.09	5.67	[(2, 10), (12, 8), (20, 3)]	['kabsch', 'kabsch_icp', 'kabsch_icp']
139	37.57	41.00	41.00	34.66	2.24	7.91	[(2, 10), (13, 10)]	['kabsch', 'kabsch']
137	37.03	40.41	40.41	34.16	2.08	5.84	[(2, 10), (13, 7), (20, 3)]	['kabsch', 'kabsch', 'kabsch_icp']
137	37.03	40.41	40.41	34.16	1.87	5.84	[(2, 10), (14, 5), (19, 4)]	['kabsch', 'kabsch_icp', 'kabsch_icp']
137	37.03	40.41	40.41	34.16	1.90	5.84	[(2, 10), (14, 6), (20, 3)]	['kabsch', 'kabsch_icp', 'kabsch_icp']
135	36.49	39.82	39.82	33.67	1.84	9.63	[(1, 10), (11, 7), (19, 3)]	['kabsch_icp', 'kabsch', 'kabsch_icp']
133	35.95	39.23	39.23	33.17	1.99	6.02	[(2, 10), (13, 5), (19, 4)]	['kabsch', 'kabsch', 'kabsch_icp']
122	32.97	35.99	35.99	30.42	2.01	9.84	[(1, 8), (9, 9), (19, 3)]	['kabsch', 'kabsch', 'kabsch_icp']
118	31.89	34.81	34.81	29.43	2.02	7.63	[(1, 8), (9, 10), (19, 3)]	['kabsch', 'kabsch_icp', 'kabsch_icp']
