[(4, 9), (14, 10), (24, 5), (35, 3)]
[(4, 6), (10, 3), (14, 10), (24, 5)]
[(4, 5), (9, 4), (13, 3), (17, 3), (20, 4), (25, 4)]
[(4, 6), (13, 3), (16, 4), (20, 4), (24, 5)]
[(4, 6), (13, 4), (17, 3), (20, 4), (24, 5)]
[(4, 9), (14, 10), (24, 5)]
[(4, 6), (13, 3), (16, 5), (21, 3), (24, 5)]
[(4, 6), (13, 3), (16, 8), (24, 5)]
[(4, 6), (13, 4), (17, 7), (24, 5)]
[(4, 5), (9, 3), (13, 3), (17, 3), (20, 4), (25, 4)]
[(4, 8), (14, 10), (24, 5)]
[(4, 6), (13, 4), (17, 8), (25, 4)]
[(4, 6), (13, 3), (16, 9), (25, 4)]
[(4, 6), (13, 4), (17, 9), (26, 3)]
[(4, 6), (13, 3), (17, 3), (20, 4), (24, 5)]
[(4, 6), (13, 3), (16, 10), (26, 3)]
[(4, 3), (7, 5), (13, 3), (17, 3), (20, 4), (25, 4)]
[(5, 8), (14, 10), (24, 5)]
[(4, 6), (13, 7), (20, 9)]
[(4, 6), (13, 9), (22, 7)]
[(4, 6), (13, 10), (23, 6)]
[(4, 6), (13, 3), (16, 7), (24, 5)]
[(4, 7), (14, 10), (24, 5)]
[(4, 6), (13, 4), (17, 6), (24, 5)]
[(4, 6), (13, 4), (18, 6), (24, 5)]
