[(1, 5), (6, 9), (15, 3), (18, 7)]
[(1, 5), (6, 10), (18, 7)]
[(1, 5), (6, 8), (14, 4), (22, 3)]
[(1, 5), (6, 6), (14, 4), (22, 3)]
[(1, 5), (6, 7), (14, 4), (22, 3)]
[(1, 8), (14, 4), (18, 4), (22, 3)]
[(2, 4), (6, 6), (14, 4), (22, 3)]
[(1, 6), (7, 8), (15, 3), (22, 3)]
[(1, 8), (12, 8), (22, 3)]
[(1, 8), (14, 4), (18, 7)]
[(1, 8), (14, 4), (18, 3), (22, 3)]
[(1, 7), (8, 3), (14, 4), (22, 3)]
[(2, 4), (6, 6), (14, 3), (22, 3)]
[(2, 4), (6, 6), (15, 3), (22, 3)]
[(1, 8), (14, 5), (19, 6)]
[(1, 8), (14, 4), (18, 6)]
[(1, 8), (14, 6), (22, 3)]
[(1, 8), (14, 5), (19, 5)]
[(1, 8), (14, 4), (18, 5)]
[(1, 8), (14, 5), (22, 3)]
[(1, 8), (14, 5), (19, 4)]
[(1, 8), (14, 4), (22, 3)]
[(1, 6), (7, 6), (22, 3)]
[(1, 6), (7, 5), (22, 3)]
[(2, 4), (6, 6), (22, 3)]
