
Query : 1   BBBBBBBBBBBBBBB-----BB-B-BBBBBBB  25
Target: 1   BBBBBBBBBBBBBBBBBAABBBB-ABBBBBBB  31

Alignment Tableau (Target-Query) pdb3|A - pdb0|A 
B1B1    3.0     3.1     1.2     4.1     2.1     2.3     3.4                                                                                                                                      
2       B2B2    0.2     1.6     0.1     1.0     0.3     0.5                                                                                                                                      
1       5       B3B3    2.2     0.2     2.1     0.9     1.1                                                                                                                                      
21      5       18      B4B4    1.0     4.3     5.0     6.4                                                                                                                                      
28      8       16      10      B5B5    5.2     7.0     9.5                                                                                                                                      
4       7       11      15      29      B6B6    0.3     0.1     1.5     1.6     0.4     4.3     2.1     1.1     0.0                                                                              
1       2       7       22      44      5       B7B7    0.5     1.3     1.4     0.3     3.0     2.1     3.1     1.3                                                                              
2       7       0       28      66      1       8       B8B8    1.4     0.2     2.7     4.5     4.7     2.3     0.0                                                                              
                                        6       12      6       B9B9    0.1     3.1     4.1     5.7     3.3     0.5                                                                              
                                        11      15      21      27      B10B10  0.0     7.1     3.1     0.5     1.4                                                                              
                                        22      28      41      55      9       B11B11  8.7     3.8     6.2     2.6                                                                              
                                        23      30      43      153     2       9       B12B12  0.8     2.3     0.3     1.6     0.5     0.9     0.2                                              
                                        15      30      54      134     1       13      7       B13B13  7.9     6.3     6.2     4.9     3.5     4.3                                              
                                        35      27      33      51      31      6       27      42      B14B14  0.2     1.8     1.3     3.7     2.7                                              
                                        30      28      38      62      21      0       29      49      2       B15B15  1.3     1.6     1.8     0.6                                              
                                                                                        6       12      26      37      B21B16  1.5     3.4     4.2                                              
                                                                                        28      36      5       17      15      B22B17  5.1     6.8                                              
                                                                                        3       2       29      27      3       14      B25B19  0.6     2.0     1.1     3.3     2.7     1.7      
                                                                                        0       8       22      19      14      28      3       B26B20  4.1     0.6     2.8     2.2     0.5      
                                                                                                                                        23      40      B27B21  2.4     3.5     4.2     6.4      
                                                                                                                                        29      41      15      B28B22  3.0     4.9     8.7      
                                                                                                                                        5       7       19      33      B29B23  0.4     1.7      
                                                                                                                                        1       6       24      46      7       B30B24  1.8      
                                                                                                                                        11      3       18      56      8       22      B31B25   
pdb3|A-pdb0|A score: 64.53

pdb3A;1,2,3,4,5,6,7,8,9,10,11,12,13,14,15,21,22,25,26,27,28,29,30,31;1,2,3,4,5,6,7,8,9,10,11,12,13,14,15,16,17,19,20,21,22,23,24,25

