S	s	SO	Sq	St	ponderate_RMSD	seqId	combination
135	37.19	39.82	39.82	34.88	2.39	7.41	[(1, 5), (6, 9), (15, 3), (18, 7)]	['kabsch_icp', 'kabsch_icp', 'kabsch', 'kabsch_icp']
120	33.06	35.40	35.40	31.01	1.80	6.67	[(1, 8), (14, 4), (18, 4), (22, 3)]	['kabsch_icp', 'kabsch', 'kabsch_icp', 'kabsch']
120	33.06	35.40	35.40	31.01	1.97	6.67	[(1, 8), (14, 4), (18, 7)]	['kabsch_icp', 'kabsch', 'kabsch_icp']
120	33.06	35.40	35.40	31.01	1.77	9.17	[(1, 8), (14, 5), (19, 6)]	['kabsch_icp', 'kabsch', 'kabsch_icp']
116	31.96	34.22	34.22	29.97	1.75	6.03	[(1, 8), (14, 4), (18, 3), (22, 3)]	['kabsch_icp', 'kabsch', 'kabsch_icp', 'kabsch']
111	30.58	32.74	32.74	28.68	2.14	7.21	[(1, 5), (6, 6), (14, 4), (22, 3)]	['kabsch_icp', 'kabsch_icp', 'kabsch', 'kabsch']
111	30.58	32.74	32.74	28.68	1.91	4.50	[(1, 8), (14, 4), (18, 6)]	['kabsch_icp', 'kabsch', 'kabsch_icp']
110	30.30	32.45	32.45	28.42	1.82	9.09	[(1, 8), (14, 5), (19, 5)]	['kabsch_icp', 'kabsch', 'kabsch_icp']
107	29.48	31.56	31.56	27.65	2.03	7.48	[(1, 5), (6, 7), (14, 4), (22, 3)]	['kabsch_icp', 'kabsch_icp', 'kabsch', 'kabsch']
107	29.48	31.56	31.56	27.65	1.93	4.67	[(1, 8), (14, 6), (22, 3)]	['kabsch_icp', 'kabsch_icp', 'kabsch']
106	29.20	31.27	31.27	27.39	2.20	6.60	[(1, 5), (6, 8), (14, 4), (22, 3)]	['kabsch_icp', 'kabsch_icp', 'kabsch', 'kabsch']
104	28.65	30.68	30.68	26.87	1.99	8.65	[(2, 4), (6, 6), (15, 3), (22, 3)]	['kabsch_icp', 'kabsch_icp', 'kabsch', 'kabsch']
104	28.65	30.68	30.68	26.87	1.91	8.65	[(1, 8), (14, 5), (22, 3)]	['kabsch_icp', 'kabsch', 'kabsch']
103	28.37	30.38	30.38	26.61	2.33	5.83	[(1, 6), (7, 8), (15, 3), (22, 3)]	['kabsch_icp', 'kabsch_icp', 'kabsch', 'kabsch']
102	28.10	30.09	30.09	26.36	1.77	9.80	[(2, 4), (6, 6), (14, 3), (22, 3)]	['kabsch_icp', 'kabsch_icp', 'kabsch_icp', 'kabsch']
101	27.82	29.79	29.79	26.10	1.96	4.95	[(1, 8), (14, 4), (18, 5)]	['kabsch_icp', 'kabsch', 'kabsch_icp']
101	27.82	29.79	29.79	26.10	1.84	7.92	[(1, 8), (14, 5), (19, 4)]	['kabsch_icp', 'kabsch', 'kabsch_icp']
100	27.55	29.50	29.50	25.84	1.93	9.00	[(2, 4), (6, 6), (14, 4), (22, 3)]	['kabsch_icp', 'kabsch_icp', 'kabsch', 'kabsch']
100	27.55	29.50	29.50	25.84	1.95	6.00	[(1, 7), (8, 3), (14, 4), (22, 3)]	['kabsch_icp', 'kabsch_icp', 'kabsch', 'kabsch']
98	27.00	28.91	28.91	25.32	1.81	5.10	[(1, 8), (12, 8), (22, 3)]	['kabsch_icp', 'kabsch_icp', 'kabsch']
95	26.17	28.02	28.02	24.55	2.26	8.42	[(1, 5), (6, 10), (18, 7)]	['kabsch_icp', 'kabsch_icp', 'kabsch_icp']
95	26.17	28.02	28.02	24.55	1.82	6.32	[(1, 8), (14, 4), (22, 3)]	['kabsch_icp', 'kabsch', 'kabsch']
86	23.69	25.37	25.37	22.22	2.11	6.98	[(1, 6), (7, 6), (22, 3)]	['kabsch_icp', 'kabsch_icp', 'kabsch']
86	23.69	25.37	25.37	22.22	1.89	8.14	[(1, 6), (7, 5), (22, 3)]	['kabsch_icp', 'kabsch_icp', 'kabsch']
85	23.42	25.07	25.07	21.96	1.83	9.41	[(2, 4), (6, 6), (22, 3)]	['kabsch_icp', 'kabsch_icp', 'kabsch']
